2009-08-03T01:01:41-04:00 WARN (4): Error rebuilding search index: fopen(/home/ve/visachidesign.com/html/data/search-index/read.lock.file): failed to open stream: Permission denied
2009-08-03T13:11:01-04:00 WARN (4): Error rebuilding search index: fopen(/home/ve/visachidesign.com/html/data/search-index/read.lock.file): failed to open stream: Permission denied
2009-08-03T15:23:03-04:00 WARN (4): Error rebuilding search index: fopen(/home/ve/visachidesign.com/html/data/search-index/read.lock.file): failed to open stream: Permission denied
2009-08-03T19:36:51-04:00 WARN (4): Error rebuilding search index: fopen(/home/ve/visachidesign.com/html/data/search-index/read.lock.file): failed to open stream: Permission denied
2009-08-03T21:58:28-04:00 WARN (4): Error rebuilding search index: fopen(/home/ve/visachidesign.com/html/data/search-index/read.lock.file): failed to open stream: Permission denied
2009-08-04T01:14:22-04:00 WARN (4): Error rebuilding search index: fopen(/home/ve/visachidesign.com/html/data/search-index/read.lock.file): failed to open stream: Permission denied
2009-08-04T01:22:00-04:00 WARN (4): Error rebuilding search index: fopen(/home/ve/visachidesign.com/html/data/search-index/read.lock.file): failed to open stream: Permission denied
2009-08-04T01:33:21-04:00 WARN (4): Failed login attempt from 98.209.17.116 user uofmballroom(Invalid password)
2009-08-04T01:33:41-04:00 WARN (4): Error rebuilding search index: fopen(/home/ve/visachidesign.com/html/data/search-index/read.lock.file): failed to open stream: Permission denied
2009-08-04T14:33:22-04:00 WARN (4): Error rebuilding search index: fopen(/home/ve/visachidesign.com/html/data/search-index/read.lock.file): failed to open stream: Permission denied
2009-08-04T16:21:05-04:00 WARN (4): Failed login attempt from 71.156.15.164 user uofmballroom(Invalid password)
2009-08-04T16:21:25-04:00 WARN (4): Error rebuilding search index: fopen(/home/ve/visachidesign.com/html/data/search-index/read.lock.file): failed to open stream: Permission denied
2009-08-04T17:04:08-04:00 WARN (4): Error rebuilding search index: fopen(/home/ve/visachidesign.com/html/data/search-index/read.lock.file): failed to open stream: Permission denied
2009-08-04T17:49:15-04:00 WARN (4): Error rebuilding search index: fopen(/home/ve/visachidesign.com/html/data/search-index/read.lock.file): failed to open stream: Permission denied
2009-08-05T14:33:22-04:00 WARN (4): Error rebuilding search index: fopen(/home/ve/visachidesign.com/html/data/search-index/read.lock.file): failed to open stream: Permission denied
2009-08-05T19:22:55-04:00 WARN (4): Error rebuilding search index: fopen(/home/ve/visachidesign.com/html/data/search-index/read.lock.file): failed to open stream: Permission denied
2009-08-07T23:25:34-04:00 WARN (4): Error rebuilding search index: fopen(/home/ve/visachidesign.com/html/data/search-index/read.lock.file): failed to open stream: Permission denied
2009-08-08T17:24:03-04:00 WARN (4): Error rebuilding search index: fopen(/home/ve/visachidesign.com/html/data/search-index/read.lock.file): failed to open stream: Permission denied
2009-08-09T15:55:01-04:00 WARN (4): Failed login attempt from 141.213.154.122 user uofmballroom(Invalid password)
2009-08-09T15:55:21-04:00 WARN (4): Error rebuilding search index: fopen(/home/ve/visachidesign.com/html/data/search-index/read.lock.file): failed to open stream: Permission denied
2009-08-09T16:25:38-04:00 WARN (4): Error rebuilding search index: fopen(/home/ve/visachidesign.com/html/data/search-index/read.lock.file): failed to open stream: Permission denied
2009-08-09T16:41:17-04:00 WARN (4): Error rebuilding search index: fopen(/home/ve/visachidesign.com/html/data/search-index/read.lock.file): failed to open stream: Permission denied
2009-08-09T17:06:24-04:00 WARN (4): Error rebuilding search index: fopen(/home/ve/visachidesign.com/html/data/search-index/read.lock.file): failed to open stream: Permission denied
2009-08-10T00:51:22-04:00 WARN (4): Error rebuilding search index: fopen(/home/ve/visachidesign.com/html/data/search-index/read.lock.file): failed to open stream: Permission denied
2009-08-10T23:15:42-04:00 WARN (4): Error rebuilding search index: fopen(/home/ve/visachidesign.com/html/data/search-index/read.lock.file): failed to open stream: Permission denied
2009-08-11T00:17:09-04:00 WARN (4): Error rebuilding search index: fopen(/home/ve/visachidesign.com/html/data/search-index/read.lock.file): failed to open stream: Permission denied
2009-08-11T01:04:38-04:00 WARN (4): Error rebuilding search index: fopen(/home/ve/visachidesign.com/html/data/search-index/read.lock.file): failed to open stream: Permission denied
2009-08-11T01:15:14-04:00 WARN (4): Error rebuilding search index: fopen(/home/ve/visachidesign.com/html/data/search-index/read.lock.file): failed to open stream: Permission denied
2009-08-11T01:29:19-04:00 WARN (4): Failed login attempt from 98.209.17.116 user uofmballroom(Invalid password)
2009-08-11T01:30:09-04:00 WARN (4): Error rebuilding search index: fopen(/home/ve/visachidesign.com/html/data/search-index/read.lock.file): failed to open stream: Permission denied
2009-08-11T01:32:23-04:00 WARN (4): Error rebuilding search index: fopen(/home/ve/visachidesign.com/html/data/search-index/read.lock.file): failed to open stream: Permission denied
2009-08-11T01:33:17-04:00 WARN (4): Error rebuilding search index: fopen(/home/ve/visachidesign.com/html/data/search-index/read.lock.file): failed to open stream: Permission denied
2009-08-11T01:37:27-04:00 WARN (4): Error rebuilding search index: fopen(/home/ve/visachidesign.com/html/data/search-index/read.lock.file): failed to open stream: Permission denied
2009-08-11T01:44:50-04:00 WARN (4): Error rebuilding search index: fopen(/home/ve/visachidesign.com/html/data/search-index/read.lock.file): failed to open stream: Permission denied
2009-08-11T01:48:13-04:00 WARN (4): Error rebuilding search index: fopen(/home/ve/visachidesign.com/html/data/search-index/read.lock.file): failed to open stream: Permission denied
2009-08-11T10:47:17-04:00 WARN (4): Error rebuilding search index: fopen(/home/ve/visachidesign.com/html/data/search-index/read.lock.file): failed to open stream: Permission denied
2009-08-11T15:31:50-04:00 WARN (4): Failed login attempt from 98.209.17.116 user uofmballroom(Invalid password)
2009-08-11T15:32:56-04:00 WARN (4): Error rebuilding search index: fopen(/home/ve/visachidesign.com/html/data/search-index/read.lock.file): failed to open stream: Permission denied
2009-08-13T13:57:53-04:00 WARN (4): Error rebuilding search index: fopen(/home/ve/visachidesign.com/html/data/search-index/read.lock.file): failed to open stream: Permission denied
2009-08-13T18:07:53-04:00 WARN (4): Error rebuilding search index: fopen(/home/ve/visachidesign.com/html/data/search-index/read.lock.file): failed to open stream: Permission denied
2009-08-14T21:16:46-04:00 WARN (4): Error rebuilding search index: fopen(/home/ve/visachidesign.com/html/data/search-index/read.lock.file): failed to open stream: Permission denied
2009-08-15T20:22:49-04:00 WARN (4): Failed login attempt from 98.209.17.116 user uofmballroom(Invalid password)
2009-08-15T20:23:24-04:00 WARN (4): Error rebuilding search index: fopen(/home/ve/visachidesign.com/html/data/search-index/read.lock.file): failed to open stream: Permission denied
2009-08-15T20:55:41-04:00 WARN (4): Error rebuilding search index: fopen(/home/ve/visachidesign.com/html/data/search-index/read.lock.file): failed to open stream: Permission denied
2009-08-16T00:18:17-04:00 WARN (4): Error rebuilding search index: fopen(/home/ve/visachidesign.com/html/data/search-index/read.lock.file): failed to open stream: Permission denied
2009-08-16T19:18:53-04:00 WARN (4): Error rebuilding search index: fopen(/home/ve/visachidesign.com/html/data/search-index/read.lock.file): failed to open stream: Permission denied
2009-08-16T22:19:21-04:00 WARN (4): Error rebuilding search index: fopen(/home/ve/visachidesign.com/html/data/search-index/read.lock.file): failed to open stream: Permission denied
2009-08-17T00:56:00-04:00 WARN (4): Error rebuilding search index: fopen(/home/ve/visachidesign.com/html/data/search-index/read.lock.file): failed to open stream: Permission denied
2009-08-17T01:35:42-04:00 WARN (4): Error rebuilding search index: fopen(/home/ve/visachidesign.com/html/data/search-index/read.lock.file): failed to open stream: Permission denied
2009-08-17T14:38:03-04:00 WARN (4): Error rebuilding search index: fopen(/home/ve/visachidesign.com/html/data/search-index/read.lock.file): failed to open stream: Permission denied
2009-08-17T14:40:32-04:00 WARN (4): Error rebuilding search index: fopen(/home/ve/visachidesign.com/html/data/search-index/read.lock.file): failed to open stream: Permission denied
2009-08-17T23:35:16-04:00 WARN (4): Error rebuilding search index: fopen(/home/ve/visachidesign.com/html/data/search-index/read.lock.file): failed to open stream: Permission denied
2009-08-18T15:22:43-04:00 WARN (4): Failed login attempt from 98.209.17.116 user uofmballroom(Invalid password)
2009-08-18T15:23:32-04:00 WARN (4): Error rebuilding search index: fopen(/home/ve/visachidesign.com/html/data/search-index/read.lock.file): failed to open stream: Permission denied
2009-08-19T12:33:23-04:00 WARN (4): Error rebuilding search index: fopen(/home/ve/visachidesign.com/html/data/search-index/read.lock.file): failed to open stream: Permission denied
2009-08-19T16:48:15-04:00 WARN (4): Error rebuilding search index: fopen(/home/ve/visachidesign.com/html/data/search-index/read.lock.file): failed to open stream: Permission denied
2009-08-19T23:56:13-04:00 WARN (4): Error rebuilding search index: fopen(/home/ve/visachidesign.com/html/data/search-index/read.lock.file): failed to open stream: Permission denied
2009-08-20T01:39:29-04:00 WARN (4): Error rebuilding search index: fopen(/home/ve/visachidesign.com/html/data/search-index/read.lock.file): failed to open stream: Permission denied
2009-08-20T01:47:55-04:00 WARN (4): Error rebuilding search index: fopen(/home/ve/visachidesign.com/html/data/search-index/read.lock.file): failed to open stream: Permission denied
2009-08-20T01:50:20-04:00 WARN (4): Error rebuilding search index: fopen(/home/ve/visachidesign.com/html/data/search-index/read.lock.file): failed to open stream: Permission denied
2009-08-22T01:28:18-04:00 WARN (4): Failed login attempt from 98.209.17.116 user uofmballroom(Invalid password)
2009-08-22T01:28:54-04:00 WARN (4): Error rebuilding search index: fopen(/home/ve/visachidesign.com/html/data/search-index/read.lock.file): failed to open stream: Permission denied
2009-08-22T14:49:35-04:00 WARN (4): Error rebuilding search index: fopen(/home/ve/visachidesign.com/html/data/search-index/read.lock.file): failed to open stream: Permission denied
2009-08-22T15:12:23-04:00 WARN (4): Failed login attempt from 98.209.17.116 user uofmballroom(Invalid password)
2009-08-22T15:12:39-04:00 WARN (4): Failed login attempt from 98.209.17.116 user uofmballroom(Invalid password)
2009-08-22T15:13:26-04:00 WARN (4): Error rebuilding search index: fopen(/home/ve/visachidesign.com/html/data/search-index/read.lock.file): failed to open stream: Permission denied
2009-08-22T15:56:04-04:00 WARN (4): Error rebuilding search index: fopen(/home/ve/visachidesign.com/html/data/search-index/read.lock.file): failed to open stream: Permission denied
2009-08-22T18:05:11-04:00 WARN (4): Failed login attempt from 98.209.17.116 user uofmballroom(Invalid password)
2009-08-22T18:05:28-04:00 WARN (4): Error rebuilding search index: fopen(/home/ve/visachidesign.com/html/data/search-index/read.lock.file): failed to open stream: Permission denied
2009-08-22T19:46:00-04:00 WARN (4): Error rebuilding search index: fopen(/home/ve/visachidesign.com/html/data/search-index/read.lock.file): failed to open stream: Permission denied
2009-08-22T19:47:59-04:00 WARN (4): Error rebuilding search index: fopen(/home/ve/visachidesign.com/html/data/search-index/read.lock.file): failed to open stream: Permission denied
2009-08-23T00:41:00-04:00 WARN (4): Error rebuilding search index: fopen(/home/ve/visachidesign.com/html/data/search-index/read.lock.file): failed to open stream: Permission denied
2009-08-23T01:25:51-04:00 WARN (4): Error rebuilding search index: fopen(/home/ve/visachidesign.com/html/data/search-index/read.lock.file): failed to open stream: Permission denied
2009-08-23T03:07:36-04:00 WARN (4): Error rebuilding search index: fopen(/home/ve/visachidesign.com/html/data/search-index/read.lock.file): failed to open stream: Permission denied
2009-08-23T10:41:59-04:00 WARN (4): Error rebuilding search index: fopen(/home/ve/visachidesign.com/html/data/search-index/read.lock.file): failed to open stream: Permission denied
2009-08-23T13:16:36-04:00 WARN (4): Error rebuilding search index: fopen(/home/ve/visachidesign.com/html/data/search-index/read.lock.file): failed to open stream: Permission denied
2009-08-23T13:17:13-04:00 WARN (4): Error rebuilding search index: fopen(/home/ve/visachidesign.com/html/data/search-index/read.lock.file): failed to open stream: Permission denied
2009-08-23T15:23:47-04:00 WARN (4): Error rebuilding search index: fopen(/home/ve/visachidesign.com/html/data/search-index/read.lock.file): failed to open stream: Permission denied
2009-08-23T18:01:33-04:00 WARN (4): Error rebuilding search index: fopen(/home/ve/visachidesign.com/html/data/search-index/read.lock.file): failed to open stream: Permission denied
2009-08-23T18:20:32-04:00 WARN (4): Error rebuilding search index: fopen(/home/ve/visachidesign.com/html/data/search-index/read.lock.file): failed to open stream: Permission denied
2009-08-23T20:35:44-04:00 WARN (4): Error rebuilding search index: fopen(/home/ve/visachidesign.com/html/data/search-index/read.lock.file): failed to open stream: Permission denied
2009-08-23T23:34:39-04:00 WARN (4): Error rebuilding search index: fopen(/home/ve/visachidesign.com/html/data/search-index/read.lock.file): failed to open stream: Permission denied
2009-08-24T00:11:29-04:00 WARN (4): Error rebuilding search index: fopen(/home/ve/visachidesign.com/html/data/search-index/read.lock.file): failed to open stream: Permission denied
2009-08-24T04:44:05-04:00 WARN (4): Error rebuilding search index: fopen(/home/ve/visachidesign.com/html/data/search-index/read.lock.file): failed to open stream: Permission denied
2009-08-24T14:17:35-04:00 WARN (4): Failed login attempt from 98.209.17.116 user uofmballroom(Invalid password)
2009-08-24T14:17:50-04:00 WARN (4): Failed login attempt from 98.209.17.116 user uofmballroom(Invalid password)
2009-08-24T14:18:06-04:00 WARN (4): Failed login attempt from 98.209.17.116 user uofmballroom(Invalid password)
2009-08-24T14:19:07-04:00 WARN (4): Failed login attempt from 98.209.17.116 user uofmballroom(Invalid password)
2009-08-24T14:19:49-04:00 WARN (4): Error rebuilding search index: fopen(/home/ve/visachidesign.com/html/data/search-index/read.lock.file): failed to open stream: Permission denied
2009-08-24T15:53:55-04:00 WARN (4): Error rebuilding search index: fopen(/home/ve/visachidesign.com/html/data/search-index/read.lock.file): failed to open stream: Permission denied
2009-08-25T10:08:44-04:00 WARN (4): Error rebuilding search index: fopen(/home/ve/visachidesign.com/html/data/search-index/read.lock.file): failed to open stream: Permission denied
2009-08-25T17:33:31-04:00 WARN (4): Failed login attempt from 71.156.15.164 user uofmballroom(Invalid password)
2009-08-25T17:33:58-04:00 WARN (4): Failed login attempt from 71.156.15.164 user uofmballroom(Invalid password)
2009-08-25T17:34:23-04:00 WARN (4): Error rebuilding search index: fopen(/home/ve/visachidesign.com/html/data/search-index/read.lock.file): failed to open stream: Permission denied
2009-08-25T20:56:42-04:00 WARN (4): Error rebuilding search index: fopen(/home/ve/visachidesign.com/html/data/search-index/read.lock.file): failed to open stream: Permission denied
2009-08-26T05:04:05-04:00 WARN (4): Error rebuilding search index: fopen(/home/ve/visachidesign.com/html/data/search-index/read.lock.file): failed to open stream: Permission denied
2009-08-26T16:19:19-04:00 WARN (4): Error rebuilding search index: fopen(/home/ve/visachidesign.com/html/data/search-index/read.lock.file): failed to open stream: Permission denied
2009-08-26T16:20:22-04:00 WARN (4): Error rebuilding search index: fopen(/home/ve/visachidesign.com/html/data/search-index/read.lock.file): failed to open stream: Permission denied
2009-08-26T16:34:59-04:00 WARN (4): Error rebuilding search index: fopen(/home/ve/visachidesign.com/html/data/search-index/read.lock.file): failed to open stream: Permission denied
2009-08-26T19:35:28-04:00 WARN (4): Error rebuilding search index: fopen(/home/ve/visachidesign.com/html/data/search-index/read.lock.file): failed to open stream: Permission denied
2009-08-26T20:15:27-04:00 WARN (4): Error rebuilding search index: fopen(/home/ve/visachidesign.com/html/data/search-index/read.lock.file): failed to open stream: Permission denied
2009-08-27T11:23:43-04:00 WARN (4): Error rebuilding search index: fopen(/home/ve/visachidesign.com/html/data/search-index/read.lock.file): failed to open stream: Permission denied
2009-08-27T14:40:29-04:00 WARN (4): Error rebuilding search index: fopen(/home/ve/visachidesign.com/html/data/search-index/read.lock.file): failed to open stream: Permission denied
2009-08-27T15:13:33-04:00 WARN (4): Error rebuilding search index: fopen(/home/ve/visachidesign.com/html/data/search-index/read.lock.file): failed to open stream: Permission denied
2009-08-28T15:16:30-04:00 WARN (4): Error rebuilding search index: fopen(/home/ve/visachidesign.com/html/data/search-index/read.lock.file): failed to open stream: Permission denied
2009-08-29T15:46:38-04:00 WARN (4): Error rebuilding search index: fopen(/home/ve/visachidesign.com/html/data/search-index/read.lock.file): failed to open stream: Permission denied
2009-08-29T17:40:51-04:00 WARN (4): Failed login attempt from 71.156.15.164 user uofmballroom(Invalid password)
2009-08-29T17:41:07-04:00 WARN (4): Error rebuilding search index: fopen(/home/ve/visachidesign.com/html/data/search-index/read.lock.file): failed to open stream: Permission denied
2009-08-29T19:34:16-04:00 WARN (4): Error rebuilding search index: fopen(/home/ve/visachidesign.com/html/data/search-index/read.lock.file): failed to open stream: Permission denied
2009-08-29T19:39:28-04:00 WARN (4): Error rebuilding search index: fopen(/home/ve/visachidesign.com/html/data/search-index/read.lock.file): failed to open stream: Permission denied
2009-08-29T20:02:00-04:00 WARN (4): Error rebuilding search index: fopen(/home/ve/visachidesign.com/html/data/search-index/read.lock.file): failed to open stream: Permission denied
2009-08-29T22:13:51-04:00 WARN (4): Error rebuilding search index: fopen(/home/ve/visachidesign.com/html/data/search-index/read.lock.file): failed to open stream: Permission denied
2009-08-29T22:43:15-04:00 WARN (4): Error rebuilding search index: fopen(/home/ve/visachidesign.com/html/data/search-index/read.lock.file): failed to open stream: Permission denied
2009-08-29T22:43:36-04:00 WARN (4): Error rebuilding search index: fopen(/home/ve/visachidesign.com/html/data/search-index/read.lock.file): failed to open stream: Permission denied
2009-08-30T00:51:43-04:00 WARN (4): Error rebuilding search index: fopen(/home/ve/visachidesign.com/html/data/search-index/read.lock.file): failed to open stream: Permission denied
2009-08-30T01:42:56-04:00 WARN (4): Error rebuilding search index: fopen(/home/ve/visachidesign.com/html/data/search-index/read.lock.file): failed to open stream: Permission denied
2009-08-30T13:25:16-04:00 WARN (4): Error rebuilding search index: fopen(/home/ve/visachidesign.com/html/data/search-index/read.lock.file): failed to open stream: Permission denied
2009-08-30T15:09:27-04:00 WARN (4): Error rebuilding search index: fopen(/home/ve/visachidesign.com/html/data/search-index/read.lock.file): failed to open stream: Permission denied
2009-08-30T15:53:59-04:00 WARN (4): Error rebuilding search index: fopen(/home/ve/visachidesign.com/html/data/search-index/read.lock.file): failed to open stream: Permission denied
2009-08-30T19:20:52-04:00 WARN (4): Error rebuilding search index: fopen(/home/ve/visachidesign.com/html/data/search-index/read.lock.file): failed to open stream: Permission denied
2009-08-30T20:49:54-04:00 WARN (4): Error rebuilding search index: fopen(/home/ve/visachidesign.com/html/data/search-index/read.lock.file): failed to open stream: Permission denied
2009-08-30T21:20:45-04:00 WARN (4): Failed login attempt from 141.213.129.23 user uofmballroom(Invalid password)
2009-08-30T21:21:09-04:00 WARN (4): Failed login attempt from 141.213.129.23 user uofmballroom(Invalid password)
2009-08-30T21:21:27-04:00 WARN (4): Error rebuilding search index: fopen(/home/ve/visachidesign.com/html/data/search-index/read.lock.file): failed to open stream: Permission denied
2009-08-30T21:47:34-04:00 WARN (4): Error rebuilding search index: fopen(/home/ve/visachidesign.com/html/data/search-index/read.lock.file): failed to open stream: Permission denied
2009-08-30T22:24:56-04:00 WARN (4): Error rebuilding search index: fopen(/home/ve/visachidesign.com/html/data/search-index/read.lock.file): failed to open stream: Permission denied
2009-08-30T23:53:34-04:00 WARN (4): Error rebuilding search index: fopen(/home/ve/visachidesign.com/html/data/search-index/read.lock.file): failed to open stream: Permission denied
2009-08-31T01:12:12-04:00 WARN (4): Error rebuilding search index: fopen(/home/ve/visachidesign.com/html/data/search-index/read.lock.file): failed to open stream: Permission denied
2009-08-31T01:28:41-04:00 WARN (4): Error rebuilding search index: fopen(/home/ve/visachidesign.com/html/data/search-index/read.lock.file): failed to open stream: Permission denied
2009-08-31T13:53:53-04:00 WARN (4): Error rebuilding search index: fopen(/home/ve/visachidesign.com/html/data/search-index/read.lock.file): failed to open stream: Permission denied
2009-08-31T15:20:18-04:00 WARN (4): Error rebuilding search index: fopen(/home/ve/visachidesign.com/html/data/search-index/read.lock.file): failed to open stream: Permission denied
2009-08-31T15:50:54-04:00 WARN (4): Error rebuilding search index: fopen(/home/ve/visachidesign.com/html/data/search-index/read.lock.file): failed to open stream: Permission denied
2009-08-31T16:20:08-04:00 WARN (4): Error rebuilding search index: fopen(/home/ve/visachidesign.com/html/data/search-index/read.lock.file): failed to open stream: Permission denied
2009-08-31T16:27:48-04:00 WARN (4): Failed login attempt from 67.194.11.27 user uofmballroom(Invalid password)
2009-08-31T16:28:20-04:00 WARN (4): Error rebuilding search index: fopen(/home/ve/visachidesign.com/html/data/search-index/read.lock.file): failed to open stream: Permission denied
2009-08-31T16:30:46-04:00 WARN (4): Error rebuilding search index: fopen(/home/ve/visachidesign.com/html/data/search-index/read.lock.file): failed to open stream: Permission denied
2009-08-31T18:23:55-04:00 WARN (4): Error rebuilding search index: fopen(/home/ve/visachidesign.com/html/data/search-index/read.lock.file): failed to open stream: Permission denied
2009-08-31T21:01:43-04:00 WARN (4): Failed login attempt from 67.194.11.27 user uofmballroom(Invalid password)
2009-08-31T21:02:06-04:00 WARN (4): Error rebuilding search index: fopen(/home/ve/visachidesign.com/html/data/search-index/read.lock.file): failed to open stream: Permission denied
2009-08-31T21:31:54-04:00 WARN (4): Error rebuilding search index: fopen(/home/ve/visachidesign.com/html/data/search-index/read.lock.file): failed to open stream: Permission denied
2009-09-01T11:33:15-04:00 WARN (4): Error rebuilding search index: fopen(/home/ve/visachidesign.com/html/data/search-index/read.lock.file): failed to open stream: Permission denied
2009-09-01T12:28:09-04:00 WARN (4): Error rebuilding search index: fopen(/home/ve/visachidesign.com/html/data/search-index/read.lock.file): failed to open stream: Permission denied
2009-09-01T12:31:00-04:00 WARN (4): Error rebuilding search index: fopen(/home/ve/visachidesign.com/html/data/search-index/read.lock.file): failed to open stream: Permission denied
2009-09-01T13:11:45-04:00 WARN (4): Error rebuilding search index: fopen(/home/ve/visachidesign.com/html/data/search-index/read.lock.file): failed to open stream: Permission denied
2009-09-04T02:43:57-04:00 WARN (4): Error rebuilding search index: fopen(/home/ve/visachidesign.com/html/data/search-index/read.lock.file): failed to open stream: Permission denied
2009-09-08T14:16:43-04:00 WARN (4): Error rebuilding search index: fopen(/home/ve/visachidesign.com/html/data/search-index/read.lock.file): failed to open stream: Permission denied
2009-09-30T02:19:14-04:00 WARN (4): Error rebuilding search index: fopen(/home/ve/visachidesign.com/html/data/search-index/read.lock.file): failed to open stream: Permission denied
2009-12-18T09:18:29-05:00 WARN (4): Error rebuilding search index: fopen(/home/ve/visachidesign.com/html/data/search-index/read.lock.file): failed to open stream: Permission denied
2009-12-18T09:27:38-05:00 WARN (4): Error rebuilding search index: fopen(/home/ve/visachidesign.com/html/data/search-index/read.lock.file): failed to open stream: Permission denied
2009-12-18T09:34:23-05:00 WARN (4): Error rebuilding search index: fopen(/home/ve/visachidesign.com/html/data/search-index/read.lock.file): failed to open stream: Permission denied
2009-12-18T09:38:37-05:00 WARN (4): Error rebuilding search index: fopen(/home/ve/visachidesign.com/html/data/search-index/read.lock.file): failed to open stream: Permission denied
2009-12-18T09:40:27-05:00 WARN (4): Error rebuilding search index: fopen(/home/ve/visachidesign.com/html/data/search-index/read.lock.file): failed to open stream: Permission denied
2009-12-18T09:47:50-05:00 WARN (4): Error rebuilding search index: fopen(/home/ve/visachidesign.com/html/data/search-index/read.lock.file): failed to open stream: Permission denied
2009-12-18T09:54:28-05:00 WARN (4): Error rebuilding search index: fopen(/home/ve/visachidesign.com/html/data/search-index/read.lock.file): failed to open stream: Permission denied
2009-12-18T10:15:49-05:00 WARN (4): Error rebuilding search index: fopen(/home/ve/visachidesign.com/html/data/search-index/read.lock.file): failed to open stream: Permission denied
2009-12-18T18:13:37-05:00 WARN (4): Error rebuilding search index: fopen(/home/ve/visachidesign.com/html/data/search-index/read.lock.file): failed to open stream: Permission denied
2009-12-18T18:35:20-05:00 WARN (4): Error rebuilding search index: fopen(/home/ve/visachidesign.com/html/data/search-index/read.lock.file): failed to open stream: Permission denied
2009-12-18T19:37:34-05:00 WARN (4): Error rebuilding search index: fopen(/home/ve/visachidesign.com/html/data/search-index/read.lock.file): failed to open stream: Permission denied
2009-12-18T19:41:21-05:00 WARN (4): Error rebuilding search index: fopen(/home/ve/visachidesign.com/html/data/search-index/read.lock.file): failed to open stream: Permission denied
2009-12-18T19:44:11-05:00 WARN (4): Error rebuilding search index: fopen(/home/ve/visachidesign.com/html/data/search-index/read.lock.file): failed to open stream: Permission denied
2009-12-18T19:44:49-05:00 WARN (4): Error rebuilding search index: fopen(/home/ve/visachidesign.com/html/data/search-index/read.lock.file): failed to open stream: Permission denied
2009-12-18T19:45:56-05:00 WARN (4): Failed login attempt from 67.194.5.24 user tester4(Unknown username)
2009-12-18T19:46:04-05:00 WARN (4): Error rebuilding search index: fopen(/home/ve/visachidesign.com/html/data/search-index/read.lock.file): failed to open stream: Permission denied
2009-12-18T21:04:00-05:00 WARN (4): Error rebuilding search index: fopen(/home/ve/visachidesign.com/html/data/search-index/read.lock.file): failed to open stream: Permission denied
2009-12-18T21:06:34-05:00 WARN (4): Error rebuilding search index: fopen(/home/ve/visachidesign.com/html/data/search-index/read.lock.file): failed to open stream: Permission denied
2009-12-18T21:15:30-05:00 WARN (4): Error rebuilding search index: fopen(/home/ve/visachidesign.com/html/data/search-index/read.lock.file): failed to open stream: Permission denied
2009-12-18T21:17:16-05:00 WARN (4): Error rebuilding search index: fopen(/home/ve/visachidesign.com/html/data/search-index/read.lock.file): failed to open stream: Permission denied
2009-12-18T21:24:31-05:00 WARN (4): Error rebuilding search index: fopen(/home/ve/visachidesign.com/html/data/search-index/read.lock.file): failed to open stream: Permission denied
2009-12-18T21:29:59-05:00 WARN (4): Error rebuilding search index: fopen(/home/ve/visachidesign.com/html/data/search-index/read.lock.file): failed to open stream: Permission denied
2009-12-18T22:17:51-05:00 WARN (4): Error rebuilding search index: fopen(/home/ve/visachidesign.com/html/data/search-index/read.lock.file): failed to open stream: Permission denied
2009-12-18T22:19:45-05:00 WARN (4): Error rebuilding search index: fopen(/home/ve/visachidesign.com/html/data/search-index/read.lock.file): failed to open stream: Permission denied
2009-12-18T22:42:18-05:00 WARN (4): Error rebuilding search index: fopen(/home/ve/visachidesign.com/html/data/search-index/read.lock.file): failed to open stream: Permission denied
2009-12-18T22:48:54-05:00 WARN (4): Error rebuilding search index: fopen(/home/ve/visachidesign.com/html/data/search-index/read.lock.file): failed to open stream: Permission denied
2009-12-18T22:49:34-05:00 WARN (4): Error rebuilding search index: fopen(/home/ve/visachidesign.com/html/data/search-index/read.lock.file): failed to open stream: Permission denied
2009-12-19T01:39:21-05:00 WARN (4): Error rebuilding search index: fopen(/home/ve/visachidesign.com/html/data/search-index/read.lock.file): failed to open stream: Permission denied
2009-12-19T01:41:43-05:00 WARN (4): Error rebuilding search index: fopen(/home/ve/visachidesign.com/html/data/search-index/read.lock.file): failed to open stream: Permission denied
2009-12-19T01:44:31-05:00 WARN (4): Error rebuilding search index: fopen(/home/ve/visachidesign.com/html/data/search-index/read.lock.file): failed to open stream: Permission denied
2009-12-19T01:48:44-05:00 WARN (4): Error rebuilding search index: fopen(/home/ve/visachidesign.com/html/data/search-index/read.lock.file): failed to open stream: Permission denied
2009-12-19T01:49:20-05:00 WARN (4): Error rebuilding search index: fopen(/home/ve/visachidesign.com/html/data/search-index/read.lock.file): failed to open stream: Permission denied
2009-12-19T01:52:08-05:00 WARN (4): Error rebuilding search index: fopen(/home/ve/visachidesign.com/html/data/search-index/read.lock.file): failed to open stream: Permission denied
2009-12-19T02:01:23-05:00 WARN (4): Error rebuilding search index: fopen(/home/ve/visachidesign.com/html/data/search-index/read.lock.file): failed to open stream: Permission denied
2009-12-19T13:02:57-05:00 WARN (4): Error rebuilding search index: fopen(/home/ve/visachidesign.com/html/data/search-index/read.lock.file): failed to open stream: Permission denied
2009-12-19T13:03:41-05:00 WARN (4): Error rebuilding search index: fopen(/home/ve/visachidesign.com/html/data/search-index/read.lock.file): failed to open stream: Permission denied
2009-12-19T13:10:34-05:00 WARN (4): Error rebuilding search index: fopen(/home/ve/visachidesign.com/html/data/search-index/read.lock.file): failed to open stream: Permission denied
2009-12-19T13:11:59-05:00 WARN (4): Error rebuilding search index: fopen(/home/ve/visachidesign.com/html/data/search-index/read.lock.file): failed to open stream: Permission denied
2009-12-19T13:12:11-05:00 WARN (4): Error rebuilding search index: fopen(/home/ve/visachidesign.com/html/data/search-index/read.lock.file): failed to open stream: Permission denied
2009-12-19T13:21:12-05:00 WARN (4): Error rebuilding search index: fopen(/home/ve/visachidesign.com/html/data/search-index/read.lock.file): failed to open stream: Permission denied
2009-12-19T13:21:26-05:00 WARN (4): Error rebuilding search index: fopen(/home/ve/visachidesign.com/html/data/search-index/read.lock.file): failed to open stream: Permission denied
2009-12-19T13:21:46-05:00 WARN (4): Error rebuilding search index: fopen(/home/ve/visachidesign.com/html/data/search-index/read.lock.file): failed to open stream: Permission denied
2009-12-19T13:36:01-05:00 WARN (4): Error rebuilding search index: fopen(/home/ve/visachidesign.com/html/data/search-index/read.lock.file): failed to open stream: Permission denied
2009-12-19T16:43:53-05:00 WARN (4): Error rebuilding search index: fopen(/home/ve/visachidesign.com/html/data/search-index/read.lock.file): failed to open stream: Permission denied
2009-12-19T16:44:14-05:00 WARN (4): Error rebuilding search index: fopen(/home/ve/visachidesign.com/html/data/search-index/read.lock.file): failed to open stream: Permission denied
2009-12-19T16:50:20-05:00 WARN (4): Error rebuilding search index: fopen(/home/ve/visachidesign.com/html/data/search-index/read.lock.file): failed to open stream: Permission denied
2009-12-19T16:54:09-05:00 WARN (4): Error rebuilding search index: fopen(/home/ve/visachidesign.com/html/data/search-index/read.lock.file): failed to open stream: Permission denied
2009-12-19T16:58:02-05:00 WARN (4): Error rebuilding search index: fopen(/home/ve/visachidesign.com/html/data/search-index/read.lock.file): failed to open stream: Permission denied
2009-12-19T17:09:09-05:00 WARN (4): Error rebuilding search index: fopen(/home/ve/visachidesign.com/html/data/search-index/read.lock.file): failed to open stream: Permission denied
2009-12-19T17:10:11-05:00 WARN (4): Error rebuilding search index: fopen(/home/ve/visachidesign.com/html/data/search-index/read.lock.file): failed to open stream: Permission denied
2009-12-19T20:07:53-05:00 WARN (4): Error rebuilding search index: fopen(/home/ve/visachidesign.com/html/data/search-index/read.lock.file): failed to open stream: Permission denied
2009-12-19T20:11:47-05:00 WARN (4): Error rebuilding search index: fopen(/home/ve/visachidesign.com/html/data/search-index/read.lock.file): failed to open stream: Permission denied
2009-12-20T17:18:45-05:00 WARN (4): Failed login attempt from 67.194.7.109 user vinzha(Unknown username)
2009-12-20T17:18:51-05:00 WARN (4): Failed login attempt from 67.194.7.109 user vinzha(Unknown username)
2009-12-20T17:19:57-05:00 WARN (4): Error rebuilding search index: fopen(/home/ve/visachidesign.com/html/data/search-index/read.lock.file): failed to open stream: Permission denied
2009-12-20T20:47:43-05:00 WARN (4): Error rebuilding search index: fopen(/home/ve/visachidesign.com/html/data/search-index/read.lock.file): failed to open stream: Permission denied
2009-12-20T20:49:52-05:00 WARN (4): Error rebuilding search index: fopen(/home/ve/visachidesign.com/html/data/search-index/read.lock.file): failed to open stream: Permission denied
2009-12-20T20:54:10-05:00 WARN (4): Error rebuilding search index: fopen(/home/ve/visachidesign.com/html/data/search-index/read.lock.file): failed to open stream: Permission denied
2009-12-20T20:54:21-05:00 WARN (4): Error rebuilding search index: fopen(/home/ve/visachidesign.com/html/data/search-index/read.lock.file): failed to open stream: Permission denied
2009-12-20T20:55:11-05:00 WARN (4): Error rebuilding search index: fopen(/home/ve/visachidesign.com/html/data/search-index/read.lock.file): failed to open stream: Permission denied
2009-12-20T20:55:57-05:00 WARN (4): Error rebuilding search index: fopen(/home/ve/visachidesign.com/html/data/search-index/read.lock.file): failed to open stream: Permission denied
2009-12-20T21:03:30-05:00 WARN (4): Error rebuilding search index: fopen(/home/ve/visachidesign.com/html/data/search-index/read.lock.file): failed to open stream: Permission denied
2009-12-20T21:03:53-05:00 WARN (4): Error rebuilding search index: fopen(/home/ve/visachidesign.com/html/data/search-index/read.lock.file): failed to open stream: Permission denied
2009-12-20T21:03:57-05:00 WARN (4): Error rebuilding search index: fopen(/home/ve/visachidesign.com/html/data/search-index/read.lock.file): failed to open stream: Permission denied
2009-12-20T21:06:00-05:00 WARN (4): Error rebuilding search index: fopen(/home/ve/visachidesign.com/html/data/search-index/read.lock.file): failed to open stream: Permission denied
2009-12-21T16:33:39-05:00 WARN (4): Error rebuilding search index: fopen(/home/ve/visachidesign.com/html/data/search-index/read.lock.file): failed to open stream: Permission denied
2009-12-21T19:43:55-05:00 WARN (4): Error rebuilding search index: fopen(/home/ve/visachidesign.com/html/data/search-index/read.lock.file): failed to open stream: Permission denied
2009-12-21T19:44:04-05:00 WARN (4): Error rebuilding search index: fopen(/home/ve/visachidesign.com/html/data/search-index/read.lock.file): failed to open stream: Permission denied
2009-12-21T20:02:48-05:00 WARN (4): Error rebuilding search index: fopen(/home/ve/visachidesign.com/html/data/search-index/read.lock.file): failed to open stream: Permission denied
2009-12-21T20:14:41-05:00 WARN (4): Error rebuilding search index: fopen(/home/ve/visachidesign.com/html/data/search-index/read.lock.file): failed to open stream: Permission denied
2009-12-21T20:19:49-05:00 WARN (4): Error rebuilding search index: fopen(/home/ve/visachidesign.com/html/data/search-index/read.lock.file): failed to open stream: Permission denied
2009-12-21T20:19:52-05:00 WARN (4): Error rebuilding search index: fopen(/home/ve/visachidesign.com/html/data/search-index/read.lock.file): failed to open stream: Permission denied
2009-12-21T20:20:03-05:00 WARN (4): Error rebuilding search index: fopen(/home/ve/visachidesign.com/html/data/search-index/read.lock.file): failed to open stream: Permission denied
2009-12-21T21:21:29-05:00 WARN (4): Error rebuilding search index: fopen(/home/ve/visachidesign.com/html/data/search-index/read.lock.file): failed to open stream: Permission denied
2009-12-21T21:22:36-05:00 WARN (4): Error rebuilding search index: fopen(/home/ve/visachidesign.com/html/data/search-index/read.lock.file): failed to open stream: Permission denied
2009-12-21T21:24:37-05:00 WARN (4): Error rebuilding search index: fopen(/home/ve/visachidesign.com/html/data/search-index/read.lock.file): failed to open stream: Permission denied
2009-12-21T21:24:51-05:00 WARN (4): Error rebuilding search index: fopen(/home/ve/visachidesign.com/html/data/search-index/read.lock.file): failed to open stream: Permission denied
2009-12-21T21:25:15-05:00 WARN (4): Failed login attempt from 67.194.14.79 user tester20(Unknown username)
2009-12-21T21:25:19-05:00 WARN (4): Failed login attempt from 67.194.14.79 user tester20(Unknown username)
2009-12-21T21:25:25-05:00 WARN (4): Failed login attempt from 67.194.14.79 user tester20(Unknown username)
2009-12-21T21:25:35-05:00 WARN (4): Error rebuilding search index: fopen(/home/ve/visachidesign.com/html/data/search-index/read.lock.file): failed to open stream: Permission denied
2009-12-21T21:31:44-05:00 WARN (4): Error rebuilding search index: fopen(/home/ve/visachidesign.com/html/data/search-index/read.lock.file): failed to open stream: Permission denied
2009-12-21T21:32:16-05:00 WARN (4): Error rebuilding search index: fopen(/home/ve/visachidesign.com/html/data/search-index/read.lock.file): failed to open stream: Permission denied
2009-12-21T21:32:25-05:00 WARN (4): Error rebuilding search index: fopen(/home/ve/visachidesign.com/html/data/search-index/read.lock.file): failed to open stream: Permission denied
2009-12-21T21:41:17-05:00 WARN (4): Error rebuilding search index: fopen(/home/ve/visachidesign.com/html/data/search-index/read.lock.file): failed to open stream: Permission denied
2009-12-21T21:43:37-05:00 WARN (4): Failed login attempt from 67.194.14.79 user test20(Invalid password)
2009-12-21T21:43:43-05:00 WARN (4): Error rebuilding search index: fopen(/home/ve/visachidesign.com/html/data/search-index/read.lock.file): failed to open stream: Permission denied
2009-12-21T21:46:29-05:00 WARN (4): Error rebuilding search index: fopen(/home/ve/visachidesign.com/html/data/search-index/read.lock.file): failed to open stream: Permission denied
2009-12-21T22:01:18-05:00 WARN (4): Error rebuilding search index: fopen(/home/ve/visachidesign.com/html/data/search-index/read.lock.file): failed to open stream: Permission denied
2009-12-21T22:01:33-05:00 WARN (4): Error rebuilding search index: fopen(/home/ve/visachidesign.com/html/data/search-index/read.lock.file): failed to open stream: Permission denied
2009-12-21T22:04:56-05:00 WARN (4): Error rebuilding search index: fopen(/home/ve/visachidesign.com/html/data/search-index/read.lock.file): failed to open stream: Permission denied
2009-12-21T22:05:08-05:00 WARN (4): Error rebuilding search index: fopen(/home/ve/visachidesign.com/html/data/search-index/read.lock.file): failed to open stream: Permission denied
2009-12-21T22:18:22-05:00 WARN (4): Error rebuilding search index: fopen(/home/ve/visachidesign.com/html/data/search-index/read.lock.file): failed to open stream: Permission denied
2009-12-21T23:29:49-05:00 WARN (4): Error rebuilding search index: fopen(/home/ve/visachidesign.com/html/data/search-index/read.lock.file): failed to open stream: Permission denied
2009-12-22T00:23:15-05:00 WARN (4): Error rebuilding search index: fopen(/home/ve/visachidesign.com/html/data/search-index/read.lock.file): failed to open stream: Permission denied
2009-12-22T00:24:21-05:00 WARN (4): Error rebuilding search index: fopen(/home/ve/visachidesign.com/html/data/search-index/read.lock.file): failed to open stream: Permission denied
2009-12-22T00:24:42-05:00 WARN (4): Error rebuilding search index: fopen(/home/ve/visachidesign.com/html/data/search-index/read.lock.file): failed to open stream: Permission denied
2009-12-22T00:25:57-05:00 WARN (4): Error rebuilding search index: fopen(/home/ve/visachidesign.com/html/data/search-index/read.lock.file): failed to open stream: Permission denied
2009-12-22T00:26:13-05:00 WARN (4): Error rebuilding search index: fopen(/home/ve/visachidesign.com/html/data/search-index/read.lock.file): failed to open stream: Permission denied
2009-12-22T00:30:22-05:00 WARN (4): Error rebuilding search index: fopen(/home/ve/visachidesign.com/html/data/search-index/read.lock.file): failed to open stream: Permission denied
2009-12-22T00:39:49-05:00 WARN (4): Error rebuilding search index: fopen(/home/ve/visachidesign.com/html/data/search-index/read.lock.file): failed to open stream: Permission denied
2009-12-22T01:36:21-05:00 WARN (4): Error rebuilding search index: fopen(/home/ve/visachidesign.com/html/data/search-index/read.lock.file): failed to open stream: Permission denied
2009-12-22T01:36:51-05:00 WARN (4): Error rebuilding search index: fopen(/home/ve/visachidesign.com/html/data/search-index/read.lock.file): failed to open stream: Permission denied
2009-12-22T01:37:00-05:00 WARN (4): Error rebuilding search index: fopen(/home/ve/visachidesign.com/html/data/search-index/read.lock.file): failed to open stream: Permission denied
2009-12-22T01:37:40-05:00 WARN (4): Error rebuilding search index: fopen(/home/ve/visachidesign.com/html/data/search-index/read.lock.file): failed to open stream: Permission denied
2009-12-22T01:45:45-05:00 WARN (4): Error rebuilding search index: fopen(/home/ve/visachidesign.com/html/data/search-index/read.lock.file): failed to open stream: Permission denied
2009-12-22T04:59:21-05:00 WARN (4): Error rebuilding search index: fopen(/home/ve/visachidesign.com/html/data/search-index/read.lock.file): failed to open stream: Permission denied
2009-12-22T16:27:17-05:00 WARN (4): Error rebuilding search index: fopen(/home/ve/visachidesign.com/html/data/search-index/read.lock.file): failed to open stream: Permission denied
2009-12-22T16:28:57-05:00 WARN (4): Error rebuilding search index: fopen(/home/ve/visachidesign.com/html/data/search-index/read.lock.file): failed to open stream: Permission denied
2009-12-22T16:32:33-05:00 WARN (4): Error rebuilding search index: fopen(/home/ve/visachidesign.com/html/data/search-index/read.lock.file): failed to open stream: Permission denied
2009-12-22T16:34:41-05:00 WARN (4): Error rebuilding search index: fopen(/home/ve/visachidesign.com/html/data/search-index/read.lock.file): failed to open stream: Permission denied
2009-12-22T16:35:40-05:00 WARN (4): Error rebuilding search index: fopen(/home/ve/visachidesign.com/html/data/search-index/read.lock.file): failed to open stream: Permission denied
2009-12-22T16:36:05-05:00 WARN (4): Error rebuilding search index: fopen(/home/ve/visachidesign.com/html/data/search-index/read.lock.file): failed to open stream: Permission denied
2009-12-22T16:37:22-05:00 WARN (4): Error rebuilding search index: fopen(/home/ve/visachidesign.com/html/data/search-index/read.lock.file): failed to open stream: Permission denied
2009-12-22T16:37:27-05:00 WARN (4): Error rebuilding search index: fopen(/home/ve/visachidesign.com/html/data/search-index/read.lock.file): failed to open stream: Permission denied
2009-12-22T16:37:33-05:00 WARN (4): Error rebuilding search index: fopen(/home/ve/visachidesign.com/html/data/search-index/read.lock.file): failed to open stream: Permission denied
2009-12-22T18:34:51-05:00 WARN (4): Error rebuilding search index: fopen(/home/ve/visachidesign.com/html/data/search-index/read.lock.file): failed to open stream: Permission denied
2009-12-23T04:52:53-05:00 WARN (4): Failed login attempt from 99.6.61.56 user test1(Invalid password)
2009-12-23T04:53:01-05:00 WARN (4): Error rebuilding search index: fopen(/home/ve/visachidesign.com/html/data/search-index/read.lock.file): failed to open stream: Permission denied
2009-12-23T05:31:45-05:00 WARN (4): Error rebuilding search index: fopen(/home/ve/visachidesign.com/html/data/search-index/read.lock.file): failed to open stream: Permission denied
2009-12-23T05:32:03-05:00 WARN (4): Error rebuilding search index: fopen(/home/ve/visachidesign.com/html/data/search-index/read.lock.file): failed to open stream: Permission denied
2009-12-23T05:32:20-05:00 WARN (4): Error rebuilding search index: fopen(/home/ve/visachidesign.com/html/data/search-index/read.lock.file): failed to open stream: Permission denied
2009-12-23T05:38:12-05:00 WARN (4): Error rebuilding search index: fopen(/home/ve/visachidesign.com/html/data/search-index/read.lock.file): failed to open stream: Permission denied
2009-12-25T01:02:13-05:00 WARN (4): Error rebuilding search index: fopen(/home/ve/visachidesign.com/html/data/search-index/read.lock.file): failed to open stream: Permission denied
2009-12-25T01:26:23-05:00 WARN (4): Error rebuilding search index: fopen(/home/ve/visachidesign.com/html/data/search-index/read.lock.file): failed to open stream: Permission denied
2009-12-25T01:56:39-05:00 WARN (4): Error rebuilding search index: fopen(/home/ve/visachidesign.com/html/data/search-index/read.lock.file): failed to open stream: Permission denied
2009-12-25T02:02:30-05:00 WARN (4): Error rebuilding search index: fopen(/home/ve/visachidesign.com/html/data/search-index/read.lock.file): failed to open stream: Permission denied
2009-12-25T02:07:28-05:00 WARN (4): Error rebuilding search index: fopen(/home/ve/visachidesign.com/html/data/search-index/read.lock.file): failed to open stream: Permission denied
2009-12-25T02:07:36-05:00 WARN (4): Error rebuilding search index: fopen(/home/ve/visachidesign.com/html/data/search-index/read.lock.file): failed to open stream: Permission denied
2009-12-25T02:07:47-05:00 WARN (4): Error rebuilding search index: fopen(/home/ve/visachidesign.com/html/data/search-index/read.lock.file): failed to open stream: Permission denied
2009-12-25T02:26:53-05:00 WARN (4): Error rebuilding search index: fopen(/home/ve/visachidesign.com/html/data/search-index/read.lock.file): failed to open stream: Permission denied
2009-12-25T02:27:09-05:00 WARN (4): Error rebuilding search index: fopen(/home/ve/visachidesign.com/html/data/search-index/read.lock.file): failed to open stream: Permission denied
2009-12-25T02:28:45-05:00 WARN (4): Error rebuilding search index: fopen(/home/ve/visachidesign.com/html/data/search-index/read.lock.file): failed to open stream: Permission denied
2009-12-25T02:33:12-05:00 WARN (4): Error rebuilding search index: fopen(/home/ve/visachidesign.com/html/data/search-index/read.lock.file): failed to open stream: Permission denied
2009-12-25T02:39:22-05:00 WARN (4): Error rebuilding search index: fopen(/home/ve/visachidesign.com/html/data/search-index/read.lock.file): failed to open stream: Permission denied
2009-12-25T02:40:49-05:00 WARN (4): Error rebuilding search index: fopen(/home/ve/visachidesign.com/html/data/search-index/read.lock.file): failed to open stream: Permission denied
2009-12-25T02:42:44-05:00 WARN (4): Error rebuilding search index: fopen(/home/ve/visachidesign.com/html/data/search-index/read.lock.file): failed to open stream: Permission denied
2009-12-25T02:42:48-05:00 WARN (4): Error rebuilding search index: fopen(/home/ve/visachidesign.com/html/data/search-index/read.lock.file): failed to open stream: Permission denied
2009-12-25T02:42:50-05:00 WARN (4): Error rebuilding search index: fopen(/home/ve/visachidesign.com/html/data/search-index/read.lock.file): failed to open stream: Permission denied
2009-12-25T05:54:07-05:00 WARN (4): Error rebuilding search index: fopen(/home/ve/visachidesign.com/html/data/search-index/read.lock.file): failed to open stream: Permission denied
2009-12-25T06:21:07-05:00 WARN (4): Error rebuilding search index: fopen(/home/ve/visachidesign.com/html/data/search-index/read.lock.file): failed to open stream: Permission denied
2009-12-25T06:21:13-05:00 WARN (4): Error rebuilding search index: fopen(/home/ve/visachidesign.com/html/data/search-index/read.lock.file): failed to open stream: Permission denied
2009-12-25T06:21:18-05:00 WARN (4): Error rebuilding search index: fopen(/home/ve/visachidesign.com/html/data/search-index/read.lock.file): failed to open stream: Permission denied
2009-12-25T06:21:36-05:00 WARN (4): Error rebuilding search index: fopen(/home/ve/visachidesign.com/html/data/search-index/read.lock.file): failed to open stream: Permission denied
2009-12-25T06:23:55-05:00 WARN (4): Error rebuilding search index: fopen(/home/ve/visachidesign.com/html/data/search-index/read.lock.file): failed to open stream: Permission denied
2009-12-25T06:31:35-05:00 WARN (4): Error rebuilding search index: fopen(/home/ve/visachidesign.com/html/data/search-index/read.lock.file): failed to open stream: Permission denied
2009-12-25T06:32:02-05:00 WARN (4): Error rebuilding search index: fopen(/home/ve/visachidesign.com/html/data/search-index/read.lock.file): failed to open stream: Permission denied
2009-12-25T06:32:32-05:00 WARN (4): Error rebuilding search index: fopen(/home/ve/visachidesign.com/html/data/search-index/read.lock.file): failed to open stream: Permission denied
2009-12-25T06:36:04-05:00 WARN (4): Error rebuilding search index: fopen(/home/ve/visachidesign.com/html/data/search-index/read.lock.file): failed to open stream: Permission denied
2009-12-25T06:38:06-05:00 WARN (4): Error rebuilding search index: fopen(/home/ve/visachidesign.com/html/data/search-index/read.lock.file): failed to open stream: Permission denied
2009-12-25T15:56:42-05:00 WARN (4): Error rebuilding search index: fopen(/home/ve/visachidesign.com/html/data/search-index/read.lock.file): failed to open stream: Permission denied
2009-12-25T15:59:01-05:00 WARN (4): Error rebuilding search index: fopen(/home/ve/visachidesign.com/html/data/search-index/read.lock.file): failed to open stream: Permission denied
2009-12-25T16:00:31-05:00 WARN (4): Error rebuilding search index: fopen(/home/ve/visachidesign.com/html/data/search-index/read.lock.file): failed to open stream: Permission denied
2009-12-25T16:01:42-05:00 WARN (4): Error rebuilding search index: fopen(/home/ve/visachidesign.com/html/data/search-index/read.lock.file): failed to open stream: Permission denied
2009-12-25T16:04:43-05:00 WARN (4): Error rebuilding search index: fopen(/home/ve/visachidesign.com/html/data/search-index/read.lock.file): failed to open stream: Permission denied
2009-12-25T16:06:13-05:00 WARN (4): Error rebuilding search index: fopen(/home/ve/visachidesign.com/html/data/search-index/read.lock.file): failed to open stream: Permission denied
2009-12-25T16:08:34-05:00 WARN (4): Error rebuilding search index: fopen(/home/ve/visachidesign.com/html/data/search-index/read.lock.file): failed to open stream: Permission denied
2009-12-25T16:21:55-05:00 WARN (4): Error rebuilding search index: fopen(/home/ve/visachidesign.com/html/data/search-index/read.lock.file): failed to open stream: Permission denied
2009-12-25T16:23:10-05:00 WARN (4): Error rebuilding search index: fopen(/home/ve/visachidesign.com/html/data/search-index/read.lock.file): failed to open stream: Permission denied
2009-12-25T16:24:40-05:00 WARN (4): Error rebuilding search index: fopen(/home/ve/visachidesign.com/html/data/search-index/read.lock.file): failed to open stream: Permission denied
2009-12-25T16:26:14-05:00 WARN (4): Error rebuilding search index: fopen(/home/ve/visachidesign.com/html/data/search-index/read.lock.file): failed to open stream: Permission denied
2009-12-25T16:28:08-05:00 WARN (4): Error rebuilding search index: fopen(/home/ve/visachidesign.com/html/data/search-index/read.lock.file): failed to open stream: Permission denied
2009-12-25T18:12:04-05:00 WARN (4): Error rebuilding search index: fopen(/home/ve/visachidesign.com/html/data/search-index/read.lock.file): failed to open stream: Permission denied
2009-12-25T18:12:08-05:00 WARN (4): Error rebuilding search index: fopen(/home/ve/visachidesign.com/html/data/search-index/read.lock.file): failed to open stream: Permission denied
2009-12-25T18:33:33-05:00 WARN (4): Error rebuilding search index: fopen(/home/ve/visachidesign.com/html/data/search-index/read.lock.file): failed to open stream: Permission denied
2009-12-25T18:34:04-05:00 WARN (4): Error rebuilding search index: fopen(/home/ve/visachidesign.com/html/data/search-index/read.lock.file): failed to open stream: Permission denied
2009-12-25T18:36:36-05:00 WARN (4): Error rebuilding search index: fopen(/home/ve/visachidesign.com/html/data/search-index/read.lock.file): failed to open stream: Permission denied
2009-12-25T18:36:40-05:00 WARN (4): Error rebuilding search index: fopen(/home/ve/visachidesign.com/html/data/search-index/read.lock.file): failed to open stream: Permission denied
2009-12-25T18:36:51-05:00 WARN (4): Error rebuilding search index: fopen(/home/ve/visachidesign.com/html/data/search-index/read.lock.file): failed to open stream: Permission denied
2009-12-25T18:37:58-05:00 WARN (4): Error rebuilding search index: fopen(/home/ve/visachidesign.com/html/data/search-index/read.lock.file): failed to open stream: Permission denied
2009-12-25T18:57:42-05:00 WARN (4): Error rebuilding search index: fopen(/home/ve/visachidesign.com/html/data/search-index/read.lock.file): failed to open stream: Permission denied
2009-12-25T19:00:28-05:00 WARN (4): Error rebuilding search index: fopen(/home/ve/visachidesign.com/html/data/search-index/read.lock.file): failed to open stream: Permission denied
2009-12-25T19:00:33-05:00 WARN (4): Error rebuilding search index: fopen(/home/ve/visachidesign.com/html/data/search-index/read.lock.file): failed to open stream: Permission denied
2009-12-25T19:07:54-05:00 WARN (4): Error rebuilding search index: fopen(/home/ve/visachidesign.com/html/data/search-index/read.lock.file): failed to open stream: Permission denied
2009-12-25T20:29:37-05:00 WARN (4): Error rebuilding search index: fopen(/home/ve/visachidesign.com/html/data/search-index/read.lock.file): failed to open stream: Permission denied
2009-12-25T21:01:44-05:00 WARN (4): Error rebuilding search index: fopen(/home/ve/visachidesign.com/html/data/search-index/read.lock.file): failed to open stream: Permission denied
2009-12-25T21:08:21-05:00 WARN (4): Error rebuilding search index: fopen(/home/ve/visachidesign.com/html/data/search-index/read.lock.file): failed to open stream: Permission denied
2009-12-25T21:11:47-05:00 WARN (4): Error rebuilding search index: fopen(/home/ve/visachidesign.com/html/data/search-index/read.lock.file): failed to open stream: Permission denied
2009-12-25T21:21:39-05:00 WARN (4): Error rebuilding search index: fopen(/home/ve/visachidesign.com/html/data/search-index/read.lock.file): failed to open stream: Permission denied
2009-12-26T01:31:10-05:00 WARN (4): Error rebuilding search index: fopen(/home/ve/visachidesign.com/html/data/search-index/read.lock.file): failed to open stream: Permission denied
2009-12-26T01:33:02-05:00 WARN (4): Error rebuilding search index: fopen(/home/ve/visachidesign.com/html/data/search-index/read.lock.file): failed to open stream: Permission denied
2009-12-26T02:03:10-05:00 WARN (4): Error rebuilding search index: fopen(/home/ve/visachidesign.com/html/data/search-index/read.lock.file): failed to open stream: Permission denied
2009-12-26T02:19:11-05:00 WARN (4): Error rebuilding search index: fopen(/home/ve/visachidesign.com/html/data/search-index/read.lock.file): failed to open stream: Permission denied
2009-12-26T02:19:53-05:00 WARN (4): Error rebuilding search index: fopen(/home/ve/visachidesign.com/html/data/search-index/read.lock.file): failed to open stream: Permission denied
2009-12-26T04:08:50-05:00 WARN (4): Error rebuilding search index: fopen(/home/ve/visachidesign.com/html/data/search-index/read.lock.file): failed to open stream: Permission denied
2009-12-26T04:08:57-05:00 WARN (4): Error rebuilding search index: fopen(/home/ve/visachidesign.com/html/data/search-index/read.lock.file): failed to open stream: Permission denied
2009-12-26T04:09:11-05:00 WARN (4): Error rebuilding search index: fopen(/home/ve/visachidesign.com/html/data/search-index/read.lock.file): failed to open stream: Permission denied
2009-12-26T04:09:42-05:00 WARN (4): Error rebuilding search index: fopen(/home/ve/visachidesign.com/html/data/search-index/read.lock.file): failed to open stream: Permission denied
2009-12-26T04:09:47-05:00 WARN (4): Error rebuilding search index: fopen(/home/ve/visachidesign.com/html/data/search-index/read.lock.file): failed to open stream: Permission denied
2009-12-26T04:10:04-05:00 WARN (4): Error rebuilding search index: fopen(/home/ve/visachidesign.com/html/data/search-index/read.lock.file): failed to open stream: Permission denied
2009-12-26T04:10:23-05:00 WARN (4): Error rebuilding search index: fopen(/home/ve/visachidesign.com/html/data/search-index/read.lock.file): failed to open stream: Permission denied
2009-12-26T05:22:28-05:00 WARN (4): Error rebuilding search index: fopen(/home/ve/visachidesign.com/html/data/search-index/read.lock.file): failed to open stream: Permission denied
2009-12-26T05:23:01-05:00 WARN (4): Error rebuilding search index: fopen(/home/ve/visachidesign.com/html/data/search-index/read.lock.file): failed to open stream: Permission denied
2009-12-26T05:23:17-05:00 WARN (4): Error rebuilding search index: fopen(/home/ve/visachidesign.com/html/data/search-index/read.lock.file): failed to open stream: Permission denied
2009-12-26T05:23:36-05:00 WARN (4): Error rebuilding search index: fopen(/home/ve/visachidesign.com/html/data/search-index/read.lock.file): failed to open stream: Permission denied
2009-12-26T05:59:06-05:00 WARN (4): Error rebuilding search index: fopen(/home/ve/visachidesign.com/html/data/search-index/read.lock.file): failed to open stream: Permission denied
2009-12-26T06:26:29-05:00 WARN (4): Error rebuilding search index: fopen(/home/ve/visachidesign.com/html/data/search-index/read.lock.file): failed to open stream: Permission denied
2009-12-26T21:31:08-05:00 WARN (4): Error rebuilding search index: fopen(/home/ve/visachidesign.com/html/data/search-index/read.lock.file): failed to open stream: Permission denied
2009-12-26T21:41:14-05:00 WARN (4): Error rebuilding search index: fopen(/home/ve/visachidesign.com/html/data/search-index/read.lock.file): failed to open stream: Permission denied
2009-12-26T21:48:59-05:00 WARN (4): Error rebuilding search index: fopen(/home/ve/visachidesign.com/html/data/search-index/read.lock.file): failed to open stream: Permission denied
2009-12-26T21:55:11-05:00 WARN (4): Error rebuilding search index: fopen(/home/ve/visachidesign.com/html/data/search-index/read.lock.file): failed to open stream: Permission denied
2009-12-26T21:56:56-05:00 WARN (4): Error rebuilding search index: fopen(/home/ve/visachidesign.com/html/data/search-index/read.lock.file): failed to open stream: Permission denied
2009-12-26T21:59:57-05:00 WARN (4): Error rebuilding search index: fopen(/home/ve/visachidesign.com/html/data/search-index/read.lock.file): failed to open stream: Permission denied
2009-12-26T22:00:30-05:00 WARN (4): Error rebuilding search index: fopen(/home/ve/visachidesign.com/html/data/search-index/read.lock.file): failed to open stream: Permission denied
2009-12-27T00:13:38-05:00 WARN (4): Error rebuilding search index: fopen(/home/ve/visachidesign.com/html/data/search-index/read.lock.file): failed to open stream: Permission denied
2009-12-27T00:13:57-05:00 WARN (4): Error rebuilding search index: fopen(/home/ve/visachidesign.com/html/data/search-index/read.lock.file): failed to open stream: Permission denied
2009-12-27T00:43:49-05:00 WARN (4): Error rebuilding search index: fopen(/home/ve/visachidesign.com/html/data/search-index/read.lock.file): failed to open stream: Permission denied
2009-12-27T00:50:33-05:00 WARN (4): Error rebuilding search index: fopen(/home/ve/visachidesign.com/html/data/search-index/read.lock.file): failed to open stream: Permission denied
2009-12-27T00:53:36-05:00 WARN (4): Error rebuilding search index: fopen(/home/ve/visachidesign.com/html/data/search-index/read.lock.file): failed to open stream: Permission denied
2009-12-27T01:40:00-05:00 WARN (4): Error rebuilding search index: fopen(/home/ve/visachidesign.com/html/data/search-index/read.lock.file): failed to open stream: Permission denied
2009-12-27T03:55:25-05:00 WARN (4): Error rebuilding search index: fopen(/home/ve/visachidesign.com/html/data/search-index/read.lock.file): failed to open stream: Permission denied
2009-12-27T08:17:39-05:00 WARN (4): Error rebuilding search index: fopen(/home/ve/visachidesign.com/html/data/search-index/read.lock.file): failed to open stream: Permission denied
2009-12-27T23:09:22-05:00 WARN (4): Error rebuilding search index: fopen(/home/ve/visachidesign.com/html/data/search-index/read.lock.file): failed to open stream: Permission denied
2009-12-29T21:20:16-05:00 WARN (4): Error rebuilding search index: fopen(/home/ve/visachidesign.com/html/data/search-index/read.lock.file): failed to open stream: Permission denied
2009-12-29T23:16:04-05:00 WARN (4): Error rebuilding search index: fopen(/home/ve/visachidesign.com/html/data/search-index/read.lock.file): failed to open stream: Permission denied
2009-12-31T20:50:49-05:00 WARN (4): Error rebuilding search index: fopen(/home/ve/visachidesign.com/html/data/search-index/read.lock.file): failed to open stream: Permission denied
2009-12-31T23:51:31-05:00 WARN (4): Failed login attempt from 99.6.61.56 user test1(Invalid password)
2009-12-31T23:51:43-05:00 WARN (4): Error rebuilding search index: fopen(/home/ve/visachidesign.com/html/data/search-index/read.lock.file): failed to open stream: Permission denied
2010-01-01T05:35:09-05:00 WARN (4): Error rebuilding search index: fopen(/home/ve/visachidesign.com/html/data/search-index/read.lock.file): failed to open stream: Permission denied
2010-01-01T07:08:47-05:00 WARN (4): Error rebuilding search index: fopen(/home/ve/visachidesign.com/html/data/search-index/read.lock.file): failed to open stream: Permission denied
2010-01-01T16:04:38-05:00 WARN (4): Error rebuilding search index: fopen(/home/ve/visachidesign.com/html/data/search-index/read.lock.file): failed to open stream: Permission denied
2010-01-01T17:12:19-05:00 WARN (4): Error rebuilding search index: fopen(/home/ve/visachidesign.com/html/data/search-index/read.lock.file): failed to open stream: Permission denied
2010-01-01T20:30:18-05:00 WARN (4): Error rebuilding search index: fopen(/home/ve/visachidesign.com/html/data/search-index/read.lock.file): failed to open stream: Permission denied
2010-01-01T20:49:42-05:00 WARN (4): Failed login attempt from 99.6.61.56 user vedancewear(Unknown username)
2010-01-01T20:49:48-05:00 WARN (4): Failed login attempt from 99.6.61.56 user vinzha(Unknown username)
2010-01-01T20:50:04-05:00 WARN (4): Error rebuilding search index: fopen(/home/ve/visachidesign.com/html/data/search-index/read.lock.file): failed to open stream: Permission denied
2010-01-01T21:50:03-05:00 WARN (4): Failed login attempt from 76.112.190.126 user uofmballroom(Unknown username)
2010-01-01T21:50:22-05:00 WARN (4): Failed login attempt from 76.112.190.126 user uofmballroom(Unknown username)
2010-01-01T23:52:36-05:00 WARN (4): Error rebuilding search index: fopen(/home/ve/visachidesign.com/html/data/search-index/read.lock.file): failed to open stream: Permission denied
2010-01-02T00:20:05-05:00 WARN (4): Error rebuilding search index: fopen(/home/ve/visachidesign.com/html/data/search-index/read.lock.file): failed to open stream: Permission denied
2010-01-02T04:19:36-05:00 WARN (4): Error rebuilding search index: fopen(/home/ve/visachidesign.com/html/data/search-index/read.lock.file): failed to open stream: Permission denied
2010-01-06T17:17:15-05:00 WARN (4): Failed login attempt from 98.224.227.231 user uofmballroom(Unknown username)
2010-01-06T17:18:59-05:00 WARN (4): Failed login attempt from 98.224.227.231 user uofmballroom(Unknown username)
2010-01-17T22:32:58-05:00 WARN (4): Error rebuilding search index: fopen(/home/ve/visachidesign.com/html/data/search-index/read.lock.file): failed to open stream: Permission denied
2010-01-17T23:40:46-05:00 WARN (4): Error rebuilding search index: fopen(/home/ve/visachidesign.com/html/data/search-index/read.lock.file): failed to open stream: Permission denied
2010-01-17T23:58:46-05:00 WARN (4): Error rebuilding search index: fopen(/home/ve/visachidesign.com/html/data/search-index/read.lock.file): failed to open stream: Permission denied
2010-01-17T23:58:52-05:00 WARN (4): Error rebuilding search index: fopen(/home/ve/visachidesign.com/html/data/search-index/read.lock.file): failed to open stream: Permission denied
2010-02-22T02:22:08-05:00 WARN (4): Failed login attempt from 127.0.0.1 user dancewearrialto(Unknown username)
2010-02-22T02:22:13-05:00 WARN (4): Failed login attempt from 127.0.0.1 user dancewearrialto(Unknown username)
2010-02-24T00:47:35-05:00 WARN (4): Failed login attempt from 127.0.0.1 user test(Unknown username)
2010-02-27T12:12:36-05:00 WARN (4): Failed login attempt from 127.0.0.1 user test11(Invalid password)
2010-03-05T08:25:03-05:00 WARN (4): Failed login attempt from ::1 user test1(Invalid password)
2010-03-05T09:56:40-05:00 WARN (4): Failed login attempt from ::1 user test1(Invalid password)
2010-03-05T14:28:49-05:00 WARN (4): Failed login attempt from ::1 user test1(Invalid password)
2010-03-17T23:41:44-04:00 WARN (4): Failed login attempt from 127.0.0.1 user test1(Invalid password)
2010-03-18T14:10:11-04:00 WARN (4): Failed login attempt from 127.0.0.1 user test(Unknown username)
2010-03-23T01:20:49-04:00 WARN (4): Failed login attempt from 127.0.0.1 user nzha(Unknown username)
2010-03-31T15:07:39-04:00 WARN (4): Failed login attempt from 127.0.0.1 user test48(Unknown username)
2010-04-07T23:02:28-04:00 WARN (4): Failed login attempt from 127.0.0.1 user test34(Unknown username)
2010-04-09T19:52:39-04:00 WARN (4): Failed login attempt from ::1 user tests(Unknown username)
2010-04-10T22:56:32-04:00 WARN (4): Failed login attempt from 127.0.0.1 user test2(Unknown username)
2010-04-10T22:56:37-04:00 WARN (4): Failed login attempt from 127.0.0.1 user test2(Unknown username)
2010-04-24T17:02:50-04:00 INFO (6): object
2010-06-11T15:57:49-04:00 WARN (4): Failed login attempt from ::1 user test6(Invalid password)
2010-06-12T15:25:16-04:00 WARN (4): Failed login attempt from ::1 user proballroomshoes(Invalid password)
2010-06-14T22:26:22-04:00 WARN (4): Failed login attempt from ::1 user vinzha(Invalid password)
2010-06-25T16:10:00-04:00 WARN (4): Failed login attempt from 127.0.0.1 user uofmballroom(Unknown username)
2010-06-25T16:10:24-04:00 WARN (4): Failed login attempt from 127.0.0.1 user uofmballroom(Unknown username)
2010-07-17T17:45:18-04:00 WARN (4): Failed login attempt from 127.0.0.1 user proballroomshoes(Invalid password)
2010-08-17T20:48:57-04:00 WARN (4): Failed login attempt from ::1 user proballroomshoes(Invalid password)
2010-09-01T14:41:25-04:00 WARN (4): Failed login attempt from 127.0.0.1 user dancerialto(Unknown username)
2010-09-01T14:42:00-04:00 WARN (4): Failed login attempt from 127.0.0.1 user DancewearRialto(Invalid password)
2010-09-02T11:27:09-04:00 WARN (4): Failed login attempt from 127.0.0.1 user DancewearRialto(Invalid password)
2010-09-11T23:48:36-04:00 WARN (4): Failed login attempt from 127.0.0.1 user proballroomshoes(Invalid password)
2010-09-28T20:15:22-04:00 WARN (4): Failed login attempt from 127.0.0.1 user proballroomshoes(Invalid password)
2010-10-01T20:50:22-04:00 WARN (4): Failed login attempt from ::1 user vedance(Unknown username)
